2023-05-31 19:18:48,242 =============================================================
2023-05-31 19:18:48,242 =============================================================
2023-05-31 19:18:48,242 Today is 2023-05-31 at 07:18 PM
2023-05-31 19:18:48,272 This file is running on: nt Windows 10
2023-05-31 19:18:48,272 The Python version is: 3.11.3
2023-05-31 19:18:48,272 The active conda environment is:  None
2023-05-31 19:18:48,272 The active pip environment is:    None
2023-05-31 19:18:48,272 The active environment path is:   C:\Users\Hayley\AppData\Local\Programs\Python\Python311
2023-05-31 19:18:48,272 The current working directory is: C:\Users\Hayley\OneDrive\School 2023\GitHub\datafun-03-datatypes\datafun-03-datatypes
2023-05-31 19:18:48,272 This source file is in:           c:\Users\Hayley\OneDrive\School 2023\GitHub\datafun-03-datatypes\datafun-03-datatypes
2023-05-31 19:18:48,272 =============================================================
2023-05-31 19:18:48,272 =============================================================
2023-05-31 19:18:48,272 Calling functions from main block
2023-05-31 19:18:48,272 Calling process_text_pokemon_theme()
2023-05-31 19:18:48,273 The list of words is: ['I', 'wanna', 'be', 'the', 'very', 'best', 'Like', 'no', 'one', 'ever', 'was', 'To', 'catch', 'them', 'is', 'my', 'real', 'test', 'To', 'train', 'them', 'is', 'my', 'cause', 'I', 'will', 'travel', 'across', 'the', 'land', 'Searching', 'far', 'and', 'wide', 'Teach', 'Pokémon', 'to', 'understand', 'The', 'power', "that's", 'inside', '(Pokémon', 'Gotta', 'catch', "'em", 'all)', "It's", 'you', 'and', 'me', 'I', 'know', "it's", 'my', 'destiny', '(Pokémon)', 'Oh,', "you're", 'my', 'best', 'friend', 'In', 'a', 'world', 'we', 'must', 'defend', '(Pokémon', 'Gotta', 'catch', "'em", 'all)', 'A', 'heart', 'so', 'true', 'Our', 'courage', 'will', 'pull', 'us', 'through', 'You', 'teach', 'me', 'and', "I'll", 'teach', 'you', '(Ooh,', 'ooh)', 'Pokémon!', '(Gotta', 'catch', "'em", 'all)', 'Gotta', 'catch', "'em", 'all', 'Yeah', 'Every', 'challenge', 'along', 'the', 'way', 'With', 'courage,', 'I', 'will', 'face', 'I', 'will', 'battle', 'every', 'day', 'To', 'claim', 'my', 'rightful', 'place', 'Come', 'with', 'me,', 'the', 'time', 'is', 'right', "There's", 'no', 'better', 'team', 'Arm', 'in', 'arm,', "we'll", 'win', 'the', 'fight', "It's", 'always', 'been', 'our', 'dream', 'You', 'might', 'also', 'like', 'Did', 'you', 'know', 'that', 'there’s', 'a', 'tunnel', 'under', 'Ocean', 'Blvd', 'Lana', 'Del', 'Rey', 'Cupid', '(Twin', 'Version)', 'FIFTY', 'FIFTY', '(피프티피프티)', 'The', 'Pi', 'Song', '(100', 'Digits', 'of', 'π)', 'AsapSCIENCE', '(Pokémon', 'Gotta', 'catch', "'em", 'all)', "It's", 'you', 'and', 'me', 'I', 'know', "it's", 'my', 'destiny', '(Pokémon)', 'Oh,', "you're", 'my', 'best', 'friend', 'In', 'a', 'world', 'we', 'must', 'defend', '(Pokémon', 'Gotta', 'catch', "'em", 'all)', 'A', 'heart', 'so', 'true', 'Our', 'courage', 'will', 'pull', 'us', 'through', 'You', 'teach', 'me', 'and', "I'll", 'teach', 'you', '(Ooh,', 'ooh)', 'Pokémon!', '(Gotta', 'catch', "'em", 'all)', 'Gotta', 'catch', "'em", 'all', 'Gotta', 'catch', "'em", 'all', 'Gotta', 'catch', "'em", 'all', 'Gotta', 'catch', "'em", 'all', 'Yeah', '(Pokémon', 'Gotta', 'catch', "'em", 'all)', "It's", 'you', 'and', 'me', 'I', 'know', "it's", 'my', 'destiny', '(Pokémon)', 'Oh,', "you're", 'my', 'best', 'friend', 'In', 'a', 'world', 'we', 'must', 'defend', '(Pokémon', 'Gotta', 'catch', "'em", 'all)', 'A', 'heart', 'so', 'true', 'Our', 'courage', 'will', 'pull', 'us', 'through', 'You', 'teach', 'me', 'and', "I'll", 'teach', 'you', '(Ooh,', 'ooh)', 'Pokémon!', '(Gotta', 'catch', "'em", 'all)', 'Gotta', 'catch', "'em", 'all', '(Pokémon)']
2023-05-31 19:18:48,273 There are 308 words in the file.
2023-05-31 19:18:48,273 The set of unique words is: {'challenge', 'heart', 'every', 'Digits', 'all)', 'right', 'also', 'Our', 'Come', 'The', 'land', 'know', '(Pokémon)', 'wanna', 'my', 'friend', 'claim', 'Version)', 'To', 'courage', 'I', 'is', "'em", 'Cupid', 'Ocean', 'face', 'place', 'tunnel', 'Teach', 'Gotta', 'You', 'FIFTY', 'catch', 'AsapSCIENCE', 'in', 'far', 'Del', 'With', 'Song', '(Twin', 'destiny', 'A', 'Pokémon!', 'them', 'you', 'Pi', 'might', 'time', 'cause', 'world', 'so', 'through', 'all', 'will', 'Rey', 'me,', 'understand', 'day', "you're", 'dream', 'Searching', 'Arm', 'under', "I'll", 'win', "it's", 'π)', 'and', 'be', 'there’s', 'real', 'wide', 'team', 'Every', 'train', 'test', 'rightful', 'Like', 'defend', 'Blvd', "It's", "There's", 'In', '(Pokémon', 'of', 'must', 'to', 'like', 'Pokémon', '(Gotta', 'Did', 'that', 'along', 'arm,', 'was', 'across', 'Oh,', 'us', 'our', 'fight', 'battle', 'better', 'travel', 'one', "that's", 'inside', 'power', '(Ooh,', 'with', 'teach', '(피프티피프티)', 'no', 'Lana', 'way', 'a', 'ever', 'pull', 'me', 'Yeah', 'always', 'true', 'the', 'ooh)', '(100', 'we', 'courage,', "we'll", 'been', 'very', 'best'}
2023-05-31 19:18:48,273 There are 130 unique words in the file.
2023-05-31 19:18:48,273 Calling create_random_sentence()
2023-05-31 19:18:48,273 Random sentence: The bored snorlax jumps angrily.
2023-05-31 19:18:48,273 Calling create_random_sentence()
2023-05-31 19:18:48,273 Random sentence: The bored charizard crouch happily.
2023-05-31 19:18:48,273 Calling play_game()
2023-05-31 19:18:48,273 ready_for_continous_game = True
2023-05-31 19:18:51,865 Creating a tuple with two lists
2023-05-31 19:18:51,865 Tuple: <zip object at 0x00000161291D34C0>
